<?xml version="1.0" encoding="UTF-8"?>
<!-- Generated by org.testng.reporters.JUnitReportReporter -->
<testsuite hostname="Admins-MacBook-Pro.local" failures="0" tests="1" name="com.gcash.test.GCashLogin" time="6.557" errors="0" timestamp="2023-03-27T17:05:00 IST" skipped="0">
  <testcase classname="com.gcash.test.GCashLogin" name="appLaunch" time="6.557"/>
  <system-out/>
</testsuite> <!-- com.gcash.test.GCashLogin -->
